{"D:\\Projects\\timeout\\backend\\src\\lib\\findHolidaysForOrgInDateRange.js": {"path":"D:\\Projects\\timeout\\backend\\src\\lib\\findHolidaysForOrgInDateRange.js","statementMap":{"0":{"start":{"line":4,"column":2},"end":{"line":13,"column":5}}},"fnMap":{"0":{"name":"findHolidaysForOrgInDateRange","decl":{"start":{"line":3,"column":22},"end":{"line":3,"column":51}},"loc":{"start":{"line":3,"column":78},"end":{"line":14,"column":1}},"line":3}},"branchMap":{},"s":{"0":0},"f":{"0":0},"b":{},"meta":{"lastBranch":0,"lastFunction":1,"lastStatement":1,"seen":{"f:3:22:3:51":0,"s:4:2:13:5":0}}}
,"D:\\Projects\\timeout\\backend\\src\\services\\leaveService.js": {"path":"D:\\Projects\\timeout\\backend\\src\\services\\leaveService.js","statementMap":{"0":{"start":{"line":4,"column":38},"end":{"line":11,"column":2}},"1":{"start":{"line":4,"column":49},"end":{"line":11,"column":1}},"2":{"start":{"line":13,"column":35},"end":{"line":26,"column":1}},"3":{"start":{"line":14,"column":2},"end":{"line":14,"column":null}},"4":{"start":{"line":14,"column":37},"end":{"line":14,"column":null}},"5":{"start":{"line":15,"column":12},"end":{"line":15,"column":32}},"6":{"start":{"line":16,"column":14},"end":{"line":16,"column":48}},"7":{"start":{"line":17,"column":2},"end":{"line":22,"column":null}},"8":{"start":{"line":18,"column":14},"end":{"line":18,"column":28}},"9":{"start":{"line":19,"column":14},"end":{"line":19,"column":32}},"10":{"start":{"line":20,"column":14},"end":{"line":20,"column":28}},"11":{"start":{"line":21,"column":4},"end":{"line":21,"column":null}},"12":{"start":{"line":23,"column":17},"end":{"line":23,"column":32}},"13":{"start":{"line":24,"column":2},"end":{"line":24,"column":null}},"14":{"start":{"line":24,"column":38},"end":{"line":24,"column":null}},"15":{"start":{"line":25,"column":2},"end":{"line":25,"column":null}},"16":{"start":{"line":28,"column":20},"end":{"line":34,"column":1}},"17":{"start":{"line":29,"column":2},"end":{"line":29,"column":null}},"18":{"start":{"line":29,"column":39},"end":{"line":29,"column":null}},"19":{"start":{"line":30,"column":12},"end":{"line":30,"column":27}},"20":{"start":{"line":31,"column":12},"end":{"line":31,"column":53}},"21":{"start":{"line":32,"column":14},"end":{"line":32,"column":50}},"22":{"start":{"line":33,"column":2},"end":{"line":33,"column":null}},"23":{"start":{"line":36,"column":30},"end":{"line":75,"column":1}},"24":{"start":{"line":37,"column":16},"end":{"line":37,"column":46}},"25":{"start":{"line":38,"column":14},"end":{"line":38,"column":42}},"26":{"start":{"line":39,"column":2},"end":{"line":39,"column":null}},"27":{"start":{"line":39,"column":68},"end":{"line":39,"column":null}},"28":{"start":{"line":40,"column":2},"end":{"line":40,"column":null}},"29":{"start":{"line":40,"column":19},"end":{"line":40,"column":null}},"30":{"start":{"line":42,"column":23},"end":{"line":50,"column":3}},"31":{"start":{"line":52,"column":19},"end":{"line":56,"column":3}},"32":{"start":{"line":58,"column":22},"end":{"line":60,"column":3}},"33":{"start":{"line":59,"column":24},"end":{"line":59,"column":64}},"34":{"start":{"line":62,"column":14},"end":{"line":62,"column":15}},"35":{"start":{"line":63,"column":14},"end":{"line":63,"column":29}},"36":{"start":{"line":64,"column":2},"end":{"line":72,"column":null}},"37":{"start":{"line":65,"column":22},"end":{"line":65,"column":34}},"38":{"start":{"line":66,"column":22},"end":{"line":66,"column":56}},"39":{"start":{"line":67,"column":22},"end":{"line":67,"column":55}},"40":{"start":{"line":68,"column":4},"end":{"line":70,"column":null}},"41":{"start":{"line":69,"column":6},"end":{"line":69,"column":null}},"42":{"start":{"line":71,"column":4},"end":{"line":71,"column":null}},"43":{"start":{"line":74,"column":2},"end":{"line":74,"column":null}},"44":{"start":{"line":77,"column":15},"end":{"line":77,"column":66}},"45":{"start":{"line":77,"column":22},"end":{"line":77,"column":66}},"46":{"start":{"line":79,"column":48},"end":{"line":89,"column":1}},"47":{"start":{"line":80,"column":2},"end":{"line":80,"column":null}},"48":{"start":{"line":80,"column":15},"end":{"line":80,"column":null}},"49":{"start":{"line":81,"column":16},"end":{"line":81,"column":47}},"50":{"start":{"line":82,"column":14},"end":{"line":82,"column":37}},"51":{"start":{"line":83,"column":20},"end":{"line":83,"column":49}},"52":{"start":{"line":84,"column":16},"end":{"line":84,"column":41}},"53":{"start":{"line":85,"column":13},"end":{"line":85,"column":35}},"54":{"start":{"line":86,"column":14},"end":{"line":86,"column":37}},"55":{"start":{"line":87,"column":26},"end":{"line":87,"column":61}},"56":{"start":{"line":88,"column":2},"end":{"line":88,"column":null}},"57":{"start":{"line":91,"column":42},"end":{"line":181,"column":1}},"58":{"start":{"line":97,"column":21},"end":{"line":97,"column":61}},"59":{"start":{"line":98,"column":19},"end":{"line":98,"column":60}},"60":{"start":{"line":100,"column":36},"end":{"line":121,"column":4}},"61":{"start":{"line":123,"column":2},"end":{"line":126,"column":null}},"62":{"start":{"line":124,"column":4},"end":{"line":124,"column":null}},"63":{"start":{"line":125,"column":4},"end":{"line":125,"column":null}},"64":{"start":{"line":128,"column":21},"end":{"line":128,"column":70}},"65":{"start":{"line":129,"column":2},"end":{"line":132,"column":null}},"66":{"start":{"line":130,"column":4},"end":{"line":130,"column":null}},"67":{"start":{"line":131,"column":4},"end":{"line":131,"column":null}},"68":{"start":{"line":134,"column":18},"end":{"line":134,"column":52}},"69":{"start":{"line":135,"column":20},"end":{"line":135,"column":54}},"70":{"start":{"line":136,"column":20},"end":{"line":136,"column":62}},"71":{"start":{"line":137,"column":23},"end":{"line":137,"column":76}},"72":{"start":{"line":138,"column":20},"end":{"line":138,"column":66}},"73":{"start":{"line":140,"column":19},"end":{"line":143,"column":4}},"74":{"start":{"line":145,"column":2},"end":{"line":180,"column":null}},"75":{"start":{"line":183,"column":25},"end":{"line":195,"column":1}},"76":{"start":{"line":184,"column":16},"end":{"line":184,"column":51}},"77":{"start":{"line":185,"column":14},"end":{"line":185,"column":47}},"78":{"start":{"line":186,"column":2},"end":{"line":186,"column":null}},"79":{"start":{"line":186,"column":68},"end":{"line":186,"column":null}},"80":{"start":{"line":187,"column":17},"end":{"line":187,"column":67}},"81":{"start":{"line":188,"column":15},"end":{"line":188,"column":61}},"82":{"start":{"line":189,"column":17},"end":{"line":189,"column":19}},"83":{"start":{"line":190,"column":2},"end":{"line":193,"column":null}},"84":{"start":{"line":191,"column":4},"end":{"line":191,"column":null}},"85":{"start":{"line":192,"column":4},"end":{"line":192,"column":null}},"86":{"start":{"line":194,"column":2},"end":{"line":194,"column":null}},"87":{"start":{"line":197,"column":47},"end":{"line":207,"column":1}},"88":{"start":{"line":198,"column":17},"end":{"line":198,"column":65}},"89":{"start":{"line":199,"column":2},"end":{"line":206,"column":null}},"90":{"start":{"line":200,"column":4},"end":{"line":205,"column":null}}},"fnMap":{"0":{"name":"(anonymous_0)","decl":{"start":{"line":4,"column":38},"end":{"line":4,"column":39}},"loc":{"start":{"line":4,"column":49},"end":{"line":11,"column":1}},"line":4},"1":{"name":"(anonymous_1)","decl":{"start":{"line":13,"column":35},"end":{"line":13,"column":36}},"loc":{"start":{"line":13,"column":46},"end":{"line":26,"column":1}},"line":13},"2":{"name":"(anonymous_2)","decl":{"start":{"line":28,"column":20},"end":{"line":28,"column":21}},"loc":{"start":{"line":28,"column":27},"end":{"line":34,"column":1}},"line":28},"3":{"name":"(anonymous_3)","decl":{"start":{"line":36,"column":30},"end":{"line":36,"column":35}},"loc":{"start":{"line":36,"column":76},"end":{"line":75,"column":1}},"line":36},"4":{"name":"(anonymous_4)","decl":{"start":{"line":59,"column":17},"end":{"line":59,"column":18}},"loc":{"start":{"line":59,"column":24},"end":{"line":59,"column":64}},"line":59},"5":{"name":"(anonymous_5)","decl":{"start":{"line":77,"column":15},"end":{"line":77,"column":16}},"loc":{"start":{"line":77,"column":22},"end":{"line":77,"column":66}},"line":77},"6":{"name":"(anonymous_6)","decl":{"start":{"line":79,"column":48},"end":{"line":79,"column":49}},"loc":{"start":{"line":79,"column":60},"end":{"line":89,"column":1}},"line":79},"7":{"name":"(anonymous_7)","decl":{"start":{"line":91,"column":42},"end":{"line":91,"column":47}},"loc":{"start":{"line":96,"column":6},"end":{"line":181,"column":1}},"line":96},"8":{"name":"(anonymous_8)","decl":{"start":{"line":183,"column":25},"end":{"line":183,"column":26}},"loc":{"start":{"line":183,"column":59},"end":{"line":195,"column":1}},"line":183},"9":{"name":"(anonymous_9)","decl":{"start":{"line":197,"column":47},"end":{"line":197,"column":52}},"loc":{"start":{"line":197,"column":64},"end":{"line":207,"column":1}},"line":197}},"branchMap":{"0":{"loc":{"start":{"line":9,"column":13},"end":{"line":9,"column":47}},"type":"cond-expr","locations":[{"start":{"line":9,"column":40},"end":{"line":9,"column":43}},{"start":{"line":9,"column":46},"end":{"line":9,"column":47}}],"line":9},"1":{"loc":{"start":{"line":10,"column":13},"end":{"line":10,"column":44}},"type":"cond-expr","locations":[{"start":{"line":10,"column":38},"end":{"line":10,"column":40}},{"start":{"line":10,"column":43},"end":{"line":10,"column":44}}],"line":10},"2":{"loc":{"start":{"line":14,"column":2},"end":{"line":14,"column":null}},"type":"if","locations":[{"start":{"line":14,"column":2},"end":{"line":14,"column":null}},{"start":{},"end":{}}],"line":14},"3":{"loc":{"start":{"line":14,"column":6},"end":{"line":14,"column":35}},"type":"binary-expr","locations":[{"start":{"line":14,"column":6},"end":{"line":14,"column":19}},{"start":{"line":14,"column":23},"end":{"line":14,"column":35}}],"line":14},"4":{"loc":{"start":{"line":17,"column":2},"end":{"line":22,"column":null}},"type":"if","locations":[{"start":{"line":17,"column":2},"end":{"line":22,"column":null}},{"start":{},"end":{}}],"line":17},"5":{"loc":{"start":{"line":24,"column":2},"end":{"line":24,"column":null}},"type":"if","locations":[{"start":{"line":24,"column":2},"end":{"line":24,"column":null}},{"start":{},"end":{}}],"line":24},"6":{"loc":{"start":{"line":29,"column":2},"end":{"line":29,"column":null}},"type":"if","locations":[{"start":{"line":29,"column":2},"end":{"line":29,"column":null}},{"start":{},"end":{}}],"line":29},"7":{"loc":{"start":{"line":29,"column":6},"end":{"line":29,"column":37}},"type":"binary-expr","locations":[{"start":{"line":29,"column":6},"end":{"line":29,"column":8}},{"start":{"line":29,"column":12},"end":{"line":29,"column":37}}],"line":29},"8":{"loc":{"start":{"line":39,"column":2},"end":{"line":39,"column":null}},"type":"if","locations":[{"start":{"line":39,"column":2},"end":{"line":39,"column":null}},{"start":{},"end":{}}],"line":39},"9":{"loc":{"start":{"line":39,"column":6},"end":{"line":39,"column":66}},"type":"binary-expr","locations":[{"start":{"line":39,"column":6},"end":{"line":39,"column":35}},{"start":{"line":39,"column":39},"end":{"line":39,"column":66}}],"line":39},"10":{"loc":{"start":{"line":40,"column":2},"end":{"line":40,"column":null}},"type":"if","locations":[{"start":{"line":40,"column":2},"end":{"line":40,"column":null}},{"start":{},"end":{}}],"line":40},"11":{"loc":{"start":{"line":66,"column":22},"end":{"line":66,"column":56}},"type":"binary-expr","locations":[{"start":{"line":66,"column":22},"end":{"line":66,"column":37}},{"start":{"line":66,"column":41},"end":{"line":66,"column":56}}],"line":66},"12":{"loc":{"start":{"line":68,"column":4},"end":{"line":70,"column":null}},"type":"if","locations":[{"start":{"line":68,"column":4},"end":{"line":70,"column":null}},{"start":{},"end":{}}],"line":68},"13":{"loc":{"start":{"line":68,"column":8},"end":{"line":68,"column":32}},"type":"binary-expr","locations":[{"start":{"line":68,"column":8},"end":{"line":68,"column":18}},{"start":{"line":68,"column":22},"end":{"line":68,"column":32}}],"line":68},"14":{"loc":{"start":{"line":80,"column":2},"end":{"line":80,"column":null}},"type":"if","locations":[{"start":{"line":80,"column":2},"end":{"line":80,"column":null}},{"start":{},"end":{}}],"line":80},"15":{"loc":{"start":{"line":81,"column":23},"end":{"line":81,"column":46}},"type":"binary-expr","locations":[{"start":{"line":81,"column":23},"end":{"line":81,"column":41}},{"start":{"line":81,"column":45},"end":{"line":81,"column":46}}],"line":81},"16":{"loc":{"start":{"line":82,"column":21},"end":{"line":82,"column":36}},"type":"binary-expr","locations":[{"start":{"line":82,"column":21},"end":{"line":82,"column":31}},{"start":{"line":82,"column":35},"end":{"line":82,"column":36}}],"line":82},"17":{"loc":{"start":{"line":83,"column":27},"end":{"line":83,"column":48}},"type":"binary-expr","locations":[{"start":{"line":83,"column":27},"end":{"line":83,"column":43}},{"start":{"line":83,"column":47},"end":{"line":83,"column":48}}],"line":83},"18":{"loc":{"start":{"line":84,"column":23},"end":{"line":84,"column":40}},"type":"binary-expr","locations":[{"start":{"line":84,"column":23},"end":{"line":84,"column":35}},{"start":{"line":84,"column":39},"end":{"line":84,"column":40}}],"line":84},"19":{"loc":{"start":{"line":85,"column":20},"end":{"line":85,"column":34}},"type":"binary-expr","locations":[{"start":{"line":85,"column":20},"end":{"line":85,"column":29}},{"start":{"line":85,"column":33},"end":{"line":85,"column":34}}],"line":85},"20":{"loc":{"start":{"line":86,"column":21},"end":{"line":86,"column":36}},"type":"binary-expr","locations":[{"start":{"line":86,"column":21},"end":{"line":86,"column":31}},{"start":{"line":86,"column":35},"end":{"line":86,"column":36}}],"line":86},"21":{"loc":{"start":{"line":87,"column":33},"end":{"line":87,"column":60}},"type":"binary-expr","locations":[{"start":{"line":87,"column":33},"end":{"line":87,"column":55}},{"start":{"line":87,"column":59},"end":{"line":87,"column":60}}],"line":87},"22":{"loc":{"start":{"line":123,"column":2},"end":{"line":126,"column":null}},"type":"if","locations":[{"start":{"line":123,"column":2},"end":{"line":126,"column":null}},{"start":{},"end":{}}],"line":123},"23":{"loc":{"start":{"line":129,"column":2},"end":{"line":132,"column":null}},"type":"if","locations":[{"start":{"line":129,"column":2},"end":{"line":132,"column":null}},{"start":{},"end":{}}],"line":129},"24":{"loc":{"start":{"line":129,"column":6},"end":{"line":129,"column":56}},"type":"binary-expr","locations":[{"start":{"line":129,"column":6},"end":{"line":129,"column":24}},{"start":{"line":129,"column":28},"end":{"line":129,"column":56}}],"line":129},"25":{"loc":{"start":{"line":134,"column":25},"end":{"line":134,"column":51}},"type":"binary-expr","locations":[{"start":{"line":134,"column":25},"end":{"line":134,"column":46}},{"start":{"line":134,"column":50},"end":{"line":134,"column":51}}],"line":134},"26":{"loc":{"start":{"line":136,"column":20},"end":{"line":136,"column":62}},"type":"cond-expr","locations":[{"start":{"line":136,"column":36},"end":{"line":136,"column":58}},{"start":{"line":136,"column":61},"end":{"line":136,"column":62}}],"line":136},"27":{"loc":{"start":{"line":148,"column":26},"end":{"line":148,"column":58}},"type":"binary-expr","locations":[{"start":{"line":148,"column":26},"end":{"line":148,"column":53}},{"start":{"line":148,"column":57},"end":{"line":148,"column":58}}],"line":148},"28":{"loc":{"start":{"line":149,"column":25},"end":{"line":149,"column":66}},"type":"binary-expr","locations":[{"start":{"line":149,"column":25},"end":{"line":149,"column":58}},{"start":{"line":149,"column":62},"end":{"line":149,"column":66}}],"line":149},"29":{"loc":{"start":{"line":150,"column":18},"end":{"line":150,"column":42}},"type":"binary-expr","locations":[{"start":{"line":150,"column":18},"end":{"line":150,"column":37}},{"start":{"line":150,"column":41},"end":{"line":150,"column":42}}],"line":150},"30":{"loc":{"start":{"line":151,"column":24},"end":{"line":151,"column":54}},"type":"binary-expr","locations":[{"start":{"line":151,"column":24},"end":{"line":151,"column":49}},{"start":{"line":151,"column":53},"end":{"line":151,"column":54}}],"line":151},"31":{"loc":{"start":{"line":152,"column":20},"end":{"line":152,"column":46}},"type":"binary-expr","locations":[{"start":{"line":152,"column":20},"end":{"line":152,"column":41}},{"start":{"line":152,"column":45},"end":{"line":152,"column":46}}],"line":152},"32":{"loc":{"start":{"line":153,"column":17},"end":{"line":153,"column":40}},"type":"binary-expr","locations":[{"start":{"line":153,"column":17},"end":{"line":153,"column":35}},{"start":{"line":153,"column":39},"end":{"line":153,"column":40}}],"line":153},"33":{"loc":{"start":{"line":154,"column":18},"end":{"line":154,"column":42}},"type":"binary-expr","locations":[{"start":{"line":154,"column":18},"end":{"line":154,"column":37}},{"start":{"line":154,"column":41},"end":{"line":154,"column":42}}],"line":154},"34":{"loc":{"start":{"line":155,"column":30},"end":{"line":155,"column":66}},"type":"binary-expr","locations":[{"start":{"line":155,"column":30},"end":{"line":155,"column":61}},{"start":{"line":155,"column":65},"end":{"line":155,"column":66}}],"line":155},"35":{"loc":{"start":{"line":159,"column":14},"end":{"line":159,"column":43}},"type":"binary-expr","locations":[{"start":{"line":159,"column":14},"end":{"line":159,"column":30}},{"start":{"line":159,"column":34},"end":{"line":159,"column":43}}],"line":159},"36":{"loc":{"start":{"line":160,"column":16},"end":{"line":160,"column":70}},"type":"cond-expr","locations":[{"start":{"line":160,"column":46},"end":{"line":160,"column":63}},{"start":{"line":160,"column":66},"end":{"line":160,"column":70}}],"line":160},"37":{"loc":{"start":{"line":167,"column":26},"end":{"line":167,"column":58}},"type":"binary-expr","locations":[{"start":{"line":167,"column":26},"end":{"line":167,"column":53}},{"start":{"line":167,"column":57},"end":{"line":167,"column":58}}],"line":167},"38":{"loc":{"start":{"line":168,"column":25},"end":{"line":168,"column":66}},"type":"binary-expr","locations":[{"start":{"line":168,"column":25},"end":{"line":168,"column":58}},{"start":{"line":168,"column":62},"end":{"line":168,"column":66}}],"line":168},"39":{"loc":{"start":{"line":169,"column":18},"end":{"line":169,"column":42}},"type":"binary-expr","locations":[{"start":{"line":169,"column":18},"end":{"line":169,"column":37}},{"start":{"line":169,"column":41},"end":{"line":169,"column":42}}],"line":169},"40":{"loc":{"start":{"line":170,"column":24},"end":{"line":170,"column":54}},"type":"binary-expr","locations":[{"start":{"line":170,"column":24},"end":{"line":170,"column":49}},{"start":{"line":170,"column":53},"end":{"line":170,"column":54}}],"line":170},"41":{"loc":{"start":{"line":171,"column":20},"end":{"line":171,"column":46}},"type":"binary-expr","locations":[{"start":{"line":171,"column":20},"end":{"line":171,"column":41}},{"start":{"line":171,"column":45},"end":{"line":171,"column":46}}],"line":171},"42":{"loc":{"start":{"line":172,"column":17},"end":{"line":172,"column":40}},"type":"binary-expr","locations":[{"start":{"line":172,"column":17},"end":{"line":172,"column":35}},{"start":{"line":172,"column":39},"end":{"line":172,"column":40}}],"line":172},"43":{"loc":{"start":{"line":173,"column":18},"end":{"line":173,"column":42}},"type":"binary-expr","locations":[{"start":{"line":173,"column":18},"end":{"line":173,"column":37}},{"start":{"line":173,"column":41},"end":{"line":173,"column":42}}],"line":173},"44":{"loc":{"start":{"line":174,"column":30},"end":{"line":174,"column":66}},"type":"binary-expr","locations":[{"start":{"line":174,"column":30},"end":{"line":174,"column":61}},{"start":{"line":174,"column":65},"end":{"line":174,"column":66}}],"line":174},"45":{"loc":{"start":{"line":186,"column":2},"end":{"line":186,"column":null}},"type":"if","locations":[{"start":{"line":186,"column":2},"end":{"line":186,"column":null}},{"start":{},"end":{}}],"line":186},"46":{"loc":{"start":{"line":186,"column":6},"end":{"line":186,"column":66}},"type":"binary-expr","locations":[{"start":{"line":186,"column":6},"end":{"line":186,"column":35}},{"start":{"line":186,"column":39},"end":{"line":186,"column":66}}],"line":186}},"s":{"0":1,"1":2,"2":1,"3":11,"4":0,"5":11,"6":11,"7":11,"8":7,"9":7,"10":7,"11":7,"12":4,"13":4,"14":1,"15":3,"16":1,"17":13,"18":0,"19":13,"20":13,"21":13,"22":13,"23":1,"24":3,"25":3,"26":3,"27":0,"28":3,"29":0,"30":3,"31":3,"32":3,"33":1,"34":3,"35":3,"36":3,"37":12,"38":12,"39":12,"40":12,"41":9,"42":12,"43":3,"44":1,"45":6,"46":1,"47":5,"48":0,"49":5,"50":5,"51":5,"52":5,"53":5,"54":5,"55":5,"56":5,"57":1,"58":4,"59":4,"60":4,"61":4,"62":1,"63":1,"64":3,"65":3,"66":0,"67":0,"68":3,"69":4,"70":4,"71":4,"72":4,"73":4,"74":3,"75":1,"76":1,"77":1,"78":1,"79":0,"80":1,"81":1,"82":1,"83":1,"84":2,"85":2,"86":1,"87":1,"88":1,"89":1,"90":2},"f":{"0":2,"1":11,"2":13,"3":3,"4":1,"5":6,"6":5,"7":4,"8":1,"9":1},"b":{"0":[1,1],"1":[1,1],"2":[0,11],"3":[11,11],"4":[7,4],"5":[1,3],"6":[0,13],"7":[13,13],"8":[0,3],"9":[3,3],"10":[0,3],"11":[12,11],"12":[9,3],"13":[12,10],"14":[0,5],"15":[5,0],"16":[5,3],"17":[5,3],"18":[5,3],"19":[5,3],"20":[5,3],"21":[5,3],"22":[1,3],"23":[0,3],"24":[3,3],"25":[3,0],"26":[3,0],"27":[3,0],"28":[4,3],"29":[4,2],"30":[4,2],"31":[4,2],"32":[4,2],"33":[4,2],"34":[4,2],"35":[4,3],"36":[0,3],"37":[4,0],"38":[4,3],"39":[4,2],"40":[4,2],"41":[4,2],"42":[4,2],"43":[4,2],"44":[4,2],"45":[0,1],"46":[1,1]},"meta":{"lastBranch":47,"lastFunction":10,"lastStatement":91,"seen":{"s:4:38:11:2":0,"f:4:38:4:39":0,"s:4:49:11:1":1,"b:9:40:9:43:9:46:9:47":0,"b:10:38:10:40:10:43:10:44":1,"s:13:35:26:1":2,"f:13:35:13:36":1,"b:14:2:14:Infinity:undefined:undefined:undefined:undefined":2,"s:14:2:14:Infinity":3,"b:14:6:14:19:14:23:14:35":3,"s:14:37:14:Infinity":4,"s:15:12:15:32":5,"s:16:14:16:48":6,"b:17:2:22:Infinity:undefined:undefined:undefined:undefined":4,"s:17:2:22:Infinity":7,"s:18:14:18:28":8,"s:19:14:19:32":9,"s:20:14:20:28":10,"s:21:4:21:Infinity":11,"s:23:17:23:32":12,"b:24:2:24:Infinity:undefined:undefined:undefined:undefined":5,"s:24:2:24:Infinity":13,"s:24:38:24:Infinity":14,"s:25:2:25:Infinity":15,"s:28:20:34:1":16,"f:28:20:28:21":2,"b:29:2:29:Infinity:undefined:undefined:undefined:undefined":6,"s:29:2:29:Infinity":17,"b:29:6:29:8:29:12:29:37":7,"s:29:39:29:Infinity":18,"s:30:12:30:27":19,"s:31:12:31:53":20,"s:32:14:32:50":21,"s:33:2:33:Infinity":22,"s:36:30:75:1":23,"f:36:30:36:35":3,"s:37:16:37:46":24,"s:38:14:38:42":25,"b:39:2:39:Infinity:undefined:undefined:undefined:undefined":8,"s:39:2:39:Infinity":26,"b:39:6:39:35:39:39:39:66":9,"s:39:68:39:Infinity":27,"b:40:2:40:Infinity:undefined:undefined:undefined:undefined":10,"s:40:2:40:Infinity":28,"s:40:19:40:Infinity":29,"s:42:23:50:3":30,"s:52:19:56:3":31,"s:58:22:60:3":32,"f:59:17:59:18":4,"s:59:24:59:64":33,"s:62:14:62:15":34,"s:63:14:63:29":35,"s:64:2:72:Infinity":36,"s:65:22:65:34":37,"s:66:22:66:56":38,"b:66:22:66:37:66:41:66:56":11,"s:67:22:67:55":39,"b:68:4:70:Infinity:undefined:undefined:undefined:undefined":12,"s:68:4:70:Infinity":40,"b:68:8:68:18:68:22:68:32":13,"s:69:6:69:Infinity":41,"s:71:4:71:Infinity":42,"s:74:2:74:Infinity":43,"s:77:15:77:66":44,"f:77:15:77:16":5,"s:77:22:77:66":45,"s:79:48:89:1":46,"f:79:48:79:49":6,"b:80:2:80:Infinity:undefined:undefined:undefined:undefined":14,"s:80:2:80:Infinity":47,"s:80:15:80:Infinity":48,"s:81:16:81:47":49,"b:81:23:81:41:81:45:81:46":15,"s:82:14:82:37":50,"b:82:21:82:31:82:35:82:36":16,"s:83:20:83:49":51,"b:83:27:83:43:83:47:83:48":17,"s:84:16:84:41":52,"b:84:23:84:35:84:39:84:40":18,"s:85:13:85:35":53,"b:85:20:85:29:85:33:85:34":19,"s:86:14:86:37":54,"b:86:21:86:31:86:35:86:36":20,"s:87:26:87:61":55,"b:87:33:87:55:87:59:87:60":21,"s:88:2:88:Infinity":56,"s:91:42:181:1":57,"f:91:42:91:47":7,"s:97:21:97:61":58,"s:98:19:98:60":59,"s:100:36:121:4":60,"b:123:2:126:Infinity:undefined:undefined:undefined:undefined":22,"s:123:2:126:Infinity":61,"s:124:4:124:Infinity":62,"s:125:4:125:Infinity":63,"s:128:21:128:70":64,"b:129:2:132:Infinity:undefined:undefined:undefined:undefined":23,"s:129:2:132:Infinity":65,"b:129:6:129:24:129:28:129:56":24,"s:130:4:130:Infinity":66,"s:131:4:131:Infinity":67,"s:134:18:134:52":68,"b:134:25:134:46:134:50:134:51":25,"s:135:20:135:54":69,"s:136:20:136:62":70,"b:136:36:136:58:136:61:136:62":26,"s:137:23:137:76":71,"s:138:20:138:66":72,"s:140:19:143:4":73,"s:145:2:180:Infinity":74,"b:148:26:148:53:148:57:148:58":27,"b:149:25:149:58:149:62:149:66":28,"b:150:18:150:37:150:41:150:42":29,"b:151:24:151:49:151:53:151:54":30,"b:152:20:152:41:152:45:152:46":31,"b:153:17:153:35:153:39:153:40":32,"b:154:18:154:37:154:41:154:42":33,"b:155:30:155:61:155:65:155:66":34,"b:159:14:159:30:159:34:159:43":35,"b:160:46:160:63:160:66:160:70":36,"b:167:26:167:53:167:57:167:58":37,"b:168:25:168:58:168:62:168:66":38,"b:169:18:169:37:169:41:169:42":39,"b:170:24:170:49:170:53:170:54":40,"b:171:20:171:41:171:45:171:46":41,"b:172:17:172:35:172:39:172:40":42,"b:173:18:173:37:173:41:173:42":43,"b:174:30:174:61:174:65:174:66":44,"s:183:25:195:1":75,"f:183:25:183:26":8,"s:184:16:184:51":76,"s:185:14:185:47":77,"b:186:2:186:Infinity:undefined:undefined:undefined:undefined":45,"s:186:2:186:Infinity":78,"b:186:6:186:35:186:39:186:66":46,"s:186:68:186:Infinity":79,"s:187:17:187:67":80,"s:188:15:188:61":81,"s:189:17:189:19":82,"s:190:2:193:Infinity":83,"s:191:4:191:Infinity":84,"s:192:4:192:Infinity":85,"s:194:2:194:Infinity":86,"s:197:47:207:1":87,"f:197:47:197:52":9,"s:198:17:198:65":88,"s:199:2:206:Infinity":89,"s:200:4:205:Infinity":90}}}
}
